<?xml version="1.0" encoding="UTF-8" ?>
<testsuite tests="9" failures="1" name="TestSuite" time="77.819" errors="0" skipped="0">
  <properties>
[...]
</properties>
  <testcase classname="tests.day16.C01_DriverIlkTest" name="test01" time="9.752"/>
  <testcase classname="tests.day16.C01_DriverIlkTest" name="test02" time="4.083"/>
  <testcase classname="tests.practice.P1_DemoGuruTest" name="test" time="11.639"/>
  <testcase classname="tests.practice.P2_WebTableTest" name="tableTest" time="5.131"/>
  <testcase classname="tests.practice.P3_TutorialTest" name="test" time="6.783">
    <failure message="Lists differ at element [0]: [[ChromeDriver: chrome on WINDOWS (4be7d0228f8b8ee4ead549035e192a62)] -&gt; xpath: //td[@class=&apos;text-left&apos;]] != [[ChromeDriver: chrome on WINDOWS (4be7d0228f8b8ee4ead549035e192a62)] -&gt; tag name: h4] expected [[[ChromeDriver: chrome on WINDOWS (4be7d0228f8b8ee4ead549035e192a62)] -&gt; xpath: //td[@class=&apos;text-left&apos;]]] but found [[[ChromeDriver: chrome on WINDOWS (4be7d0228f8b8ee4ead549035e192a62)] -&gt; tag name: h4]]" type="java.lang.AssertionError">java.lang.AssertionError: Lists differ at element [0]: [[ChromeDriver: chrome on WINDOWS (4be7d0228f8b8ee4ead549035e192a62)] -&gt; xpath: //td[@class=&apos;text-left&apos;]] != [[ChromeDriver: chrome on WINDOWS (4be7d0228f8b8ee4ead549035e192a62)] -&gt; tag name: h4] expected [[[ChromeDriver: chrome on WINDOWS (4be7d0228f8b8ee4ead549035e192a62)] -&gt; xpath: //td[@class=&apos;text-left&apos;]]] but found [[[ChromeDriver: chrome on WINDOWS (4be7d0228f8b8ee4ead549035e192a62)] -&gt; tag name: h4]]
	at org.testng.Assert.fail(Assert.java:110)
	at org.testng.Assert.failNotEquals(Assert.java:1413)
	at org.testng.Assert.assertEqualsImpl(Assert.java:149)
	at org.testng.Assert.assertEquals(Assert.java:1479)
	at org.testng.Assert.assertEquals(Assert.java:1441)
	at tests.practice.P3_TutorialTest.test(P3_TutorialTest.java:41)
</failure>
    <system-out>***** goruntulenen isimler *****
HTC Touch HD
iPhone
Palm Treo Pro
***** sepetteki isimler *****



</system-out>
    <system-err>Starting ChromeDriver 102.0.5005.61 (0e59bcc00cc4985ce39ad31c150065f159d95ad3-refs/branch-heads/5005@{#819}) on port 62193
Only local connections are allowed.
Please see https://chromedriver.chromium.org/security-considerations for suggestions on keeping ChromeDriver safe.
ChromeDriver was started successfully.
Jun 17, 2022 4:02:45 PM org.openqa.selenium.remote.ProtocolHandshake createSession
INFO: Detected dialect: W3C
Jun 17, 2022 4:02:45 PM org.openqa.selenium.devtools.CdpVersionFinder findNearestMatch
WARNING: Unable to find an exact match for CDP version 102, so returning the closest version found: 99
Jun 17, 2022 4:02:45 PM org.openqa.selenium.devtools.CdpVersionFinder findNearestMatch
INFO: Found CDP implementation for version 102 of 99
</system-err>
  </testcase>
  <testcase classname="tests.smokeTest.NegativeLoginTest" name="yanlisSifreTesti" time="11.761"/>
  <testcase classname="tests.smokeTest.NegativeLoginTest" name="yanlisSifreUsernameTesti" time="8.19"/>
  <testcase classname="tests.smokeTest.NegativeLoginTest" name="yanlisUsernameTesti" time="8.225"/>
  <testcase classname="tests.smokeTest.PosistiveLoginTest" name="positiveLoginTest" time="12.255"/>
</testsuite>